Gramática

    0 $accept: line $end

    1 line: expr '\n'

    2 expr: NUMBER
    3     | expr '+' expr
    4     | expr '-' expr
    5     | expr '*' expr
    6     | expr '/' expr


Terminais, com as regras onde eles aparecem

$end (0) 0
'\n' (10) 1
'*' (42) 5
'+' (43) 3
'-' (45) 4
'/' (47) 6
error (256)
NUMBER (258) 2


Não terminais com as regras onde eles aparecem

$accept (9)
    à esquerda: 0
line (10)
    à esquerda: 1, à direita: 0
expr (11)
    à esquerda: 2 3 4 5 6, à direita: 1 3 4 5 6


Estado 0

    0 $accept: . line $end

    NUMBER  deslocar, e ir ao estado 1

    line  ir ao estado 2
    expr  ir ao estado 3


Estado 1

    2 expr: NUMBER .

    $padrão  reduzir usando a regra 2 (expr)


Estado 2

    0 $accept: line . $end

    $end  deslocar, e ir ao estado 4


Estado 3

    1 line: expr . '\n'
    3 expr: expr . '+' expr
    4     | expr . '-' expr
    5     | expr . '*' expr
    6     | expr . '/' expr

    '+'   deslocar, e ir ao estado 5
    '-'   deslocar, e ir ao estado 6
    '*'   deslocar, e ir ao estado 7
    '/'   deslocar, e ir ao estado 8
    '\n'  deslocar, e ir ao estado 9


Estado 4

    0 $accept: line $end .

    $padrão  aceitar


Estado 5

    3 expr: expr '+' . expr

    NUMBER  deslocar, e ir ao estado 1

    expr  ir ao estado 10


Estado 6

    4 expr: expr '-' . expr

    NUMBER  deslocar, e ir ao estado 1

    expr  ir ao estado 11


Estado 7

    5 expr: expr '*' . expr

    NUMBER  deslocar, e ir ao estado 1

    expr  ir ao estado 12


Estado 8

    6 expr: expr '/' . expr

    NUMBER  deslocar, e ir ao estado 1

    expr  ir ao estado 13


Estado 9

    1 line: expr '\n' .

    $padrão  reduzir usando a regra 1 (line)


Estado 10

    3 expr: expr . '+' expr
    3     | expr '+' expr .
    4     | expr . '-' expr
    5     | expr . '*' expr
    6     | expr . '/' expr

    '*'  deslocar, e ir ao estado 7
    '/'  deslocar, e ir ao estado 8

    $padrão  reduzir usando a regra 3 (expr)


Estado 11

    3 expr: expr . '+' expr
    4     | expr . '-' expr
    4     | expr '-' expr .
    5     | expr . '*' expr
    6     | expr . '/' expr

    '*'  deslocar, e ir ao estado 7
    '/'  deslocar, e ir ao estado 8

    $padrão  reduzir usando a regra 4 (expr)


Estado 12

    3 expr: expr . '+' expr
    4     | expr . '-' expr
    5     | expr . '*' expr
    5     | expr '*' expr .
    6     | expr . '/' expr

    $padrão  reduzir usando a regra 5 (expr)


Estado 13

    3 expr: expr . '+' expr
    4     | expr . '-' expr
    5     | expr . '*' expr
    6     | expr . '/' expr
    6     | expr '/' expr .

    $padrão  reduzir usando a regra 6 (expr)
